2026-03-13 23:15:56 | INFO | P1 | === RUN START ===
2026-03-13 23:15:56 | INFO | P1 | project=CINTEL
2026-03-13 23:15:56 | INFO | P1 | repo_dir=cintel-01-getting-started-main
2026-03-13 23:15:56 | INFO | P1 | python=3.14.3
2026-03-13 23:15:56 | INFO | P1 | os=Darwin 22.6.0
2026-03-13 23:15:56 | INFO | P1 | shell=bash
2026-03-13 23:15:56 | INFO | P1 | cwd=.
2026-03-13 23:15:56 | INFO | P1 | github_actions=False
2026-03-13 23:15:56 | INFO | P1 | ========================
2026-03-13 23:15:56 | INFO | P1 | START main()
2026-03-13 23:15:56 | INFO | P1 | ========================
2026-03-13 23:15:56 | INFO | P1 | ROOT_DIR = .
2026-03-13 23:15:56 | INFO | P1 | DOCS_DIR = docs
2026-03-13 23:15:56 | INFO | P1 | ========================
2026-03-13 23:15:56 | INFO | P1 | Pipeline executed successfully!
2026-03-13 23:15:56 | INFO | P1 | ========================
2026-03-13 23:15:56 | INFO | P1 | END main()
2026-03-16 15:30:02 | INFO | P1 | === RUN START ===
2026-03-16 15:30:02 | INFO | P1 | project=CINTEL
2026-03-16 15:30:02 | INFO | P1 | repo_dir=cintel-01-getting-started-main
2026-03-16 15:30:02 | INFO | P1 | python=3.14.3
2026-03-16 15:30:02 | INFO | P1 | os=Darwin 22.6.0
2026-03-16 15:30:02 | INFO | P1 | shell=bash
2026-03-16 15:30:02 | INFO | P1 | cwd=.
2026-03-16 15:30:02 | INFO | P1 | github_actions=False
2026-03-16 15:30:02 | INFO | P1 | ========================
2026-03-16 15:30:02 | INFO | P1 | START main()
2026-03-16 15:30:02 | INFO | P1 | ========================
2026-03-16 15:30:02 | INFO | P1 | ROOT_DIR = .
2026-03-16 15:30:02 | INFO | P1 | DOCS_DIR = docs
2026-03-16 15:30:02 | INFO | P1 | ========================
2026-03-16 15:30:02 | INFO | P1 | Pipeline executed successfully!
2026-03-16 15:30:02 | INFO | P1 | ========================
2026-03-16 15:30:02 | INFO | P1 | END main()
2026-03-16 15:30:25 | INFO | P1 | === RUN START ===
2026-03-16 15:30:25 | INFO | P1 | project=CINTEL
2026-03-16 15:30:25 | INFO | P1 | repo_dir=cintel-01-getting-started-main
2026-03-16 15:30:25 | INFO | P1 | python=3.14.3
2026-03-16 15:30:25 | INFO | P1 | os=Darwin 22.6.0
2026-03-16 15:30:25 | INFO | P1 | shell=bash
2026-03-16 15:30:25 | INFO | P1 | cwd=.
2026-03-16 15:30:25 | INFO | P1 | github_actions=False
2026-03-16 15:30:25 | INFO | P1 | ========================
2026-03-16 15:30:25 | INFO | P1 | START main()
2026-03-16 15:30:25 | INFO | P1 | ========================
2026-03-16 15:30:25 | INFO | P1 | ROOT_DIR = .
2026-03-16 15:30:25 | INFO | P1 | DOCS_DIR = docs
2026-03-16 15:30:25 | INFO | P1 | ========================
2026-03-16 15:30:25 | INFO | P1 | Pipeline executed successfully!
2026-03-16 15:30:25 | INFO | P1 | ========================
2026-03-16 15:30:25 | INFO | P1 | END main()
2026-03-16 16:52:09 | INFO | P1 | === RUN START ===
2026-03-16 16:52:09 | INFO | P1 | project=CINTEL
2026-03-16 16:52:09 | INFO | P1 | repo_dir=cintel-01-getting-started-main
2026-03-16 16:52:09 | INFO | P1 | python=3.14.3
2026-03-16 16:52:09 | INFO | P1 | os=Darwin 22.6.0
2026-03-16 16:52:09 | INFO | P1 | shell=bash
2026-03-16 16:52:09 | INFO | P1 | cwd=.
2026-03-16 16:52:09 | INFO | P1 | github_actions=False
2026-03-16 16:52:09 | INFO | P1 | ========================
2026-03-16 16:52:09 | INFO | P1 | START main()
2026-03-16 16:52:09 | INFO | P1 | ========================
2026-03-16 16:52:09 | INFO | P1 | ROOT_DIR = .
2026-03-16 16:52:09 | INFO | P1 | DOCS_DIR = docs
2026-03-16 16:52:09 | INFO | P1 | ========================
2026-03-16 16:52:09 | INFO | P1 | Pipeline executed successfully!
2026-03-16 16:52:09 | INFO | P1 | ========================
2026-03-16 16:52:09 | INFO | P1 | END main()
